<?xml version="1.0" encoding="UTF-8"?>
<!-- Generated by org.testng.reporters.JUnitXMLReporter -->
<testsuite ignored="0" hostname="DELLi310GEN" failures="1" tests="2" name="HomePage Module" time="12.727" errors="0" timestamp="2022-05-31T09:03:11 IST">
  <testcase classname="testNGScripts.HomePageModule" name="TC5_AccessToStockItemsPage" time="0.843"/>
  <testcase classname="testNGScripts.HomePageModule" name="TC6_AccessToCustomersPage" time="1.194">
    <failure type="java.lang.AssertionError" message="expected [true] but found [false]">
      <![CDATA[java.lang.AssertionError: expected [true] but found [false]
at testNGScripts.HomePageModule.TC6_AccessToCustomersPage(HomePageModule.java:42)
at java.base/java.util.concurrent.ThreadPoolExecutor.runWorker(ThreadPoolExecutor.java:1130)
at java.base/java.util.concurrent.ThreadPoolExecutor$Worker.run(ThreadPoolExecutor.java:630)
at java.base/java.lang.Thread.run(Thread.java:831)
... Removed 16 stack frames]]>
    </failure>
  </testcase> <!-- TC6_AccessToCustomersPage -->
</testsuite> <!-- HomePage Module -->
