<?xml version="1.0" encoding="UTF-8"?>
<!-- Generated by org.testng.reporters.JUnitXMLReporter -->
<testsuite ignored="3" hostname="DELLi310GEN" failures="0" tests="1" name="LoginPage Module(failed)(failed)" time="4.33" errors="0" timestamp="2022-05-31T09:07:01 IST">
  <testcase classname="testNGScripts.LoginModule" name="TC4_RESET" time="0.308"/>
  <testcase classname="testNGScripts.LoginModule" name="TC1_Login" time="0.0">
    <ignored/>
  </testcase> <!-- TC1_Login -->
  <testcase classname="testNGScripts.LoginModule" name="TC3_InvalidLogin" time="0.0">
    <ignored/>
  </testcase> <!-- TC3_InvalidLogin -->
  <testcase classname="testNGScripts.LoginModule" name="TC2_Logout" time="0.0">
    <ignored/>
  </testcase> <!-- TC2_Logout -->
</testsuite> <!-- LoginPage Module(failed)(failed) -->
